2026-01-17T03:47:59.412+05:30  INFO 54383 --- [job_scheduler] [main] c.c.j.JobSchedulerApplication            : Starting JobSchedulerApplication using Java 17.0.15 with PID 54383 (/Users/dishanchutani/Documents/chronos/job_scheduler/build/classes/java/main started by dishanchutani in /Users/dishanchutani/Documents/chronos/job_scheduler)
2026-01-17T03:47:59.416+05:30  INFO 54383 --- [job_scheduler] [main] c.c.j.JobSchedulerApplication            : No active profile set, falling back to 1 default profile: "default"
2026-01-17T03:47:59.857+05:30  INFO 54383 --- [job_scheduler] [main] .s.d.r.c.RepositoryConfigurationDelegate : Bootstrapping Spring Data JPA repositories in DEFAULT mode.
2026-01-17T03:47:59.938+05:30  INFO 54383 --- [job_scheduler] [main] .s.d.r.c.RepositoryConfigurationDelegate : Finished Spring Data repository scanning in 74 ms. Found 1 JPA repository interface.
2026-01-17T03:48:00.289+05:30  INFO 54383 --- [job_scheduler] [main] o.s.b.w.embedded.tomcat.TomcatWebServer  : Tomcat initialized with port 8081 (http)
2026-01-17T03:48:00.297+05:30  INFO 54383 --- [job_scheduler] [main] o.apache.catalina.core.StandardService   : Starting service [Tomcat]
2026-01-17T03:48:00.297+05:30  INFO 54383 --- [job_scheduler] [main] o.apache.catalina.core.StandardEngine    : Starting Servlet engine: [Apache Tomcat/10.1.42]
2026-01-17T03:48:00.329+05:30  INFO 54383 --- [job_scheduler] [main] o.a.c.c.C.[Tomcat].[localhost].[/]       : Initializing Spring embedded WebApplicationContext
2026-01-17T03:48:00.330+05:30  INFO 54383 --- [job_scheduler] [main] w.s.c.ServletWebServerApplicationContext : Root WebApplicationContext: initialization completed in 884 ms
2026-01-17T03:48:00.462+05:30  INFO 54383 --- [job_scheduler] [main] o.hibernate.jpa.internal.util.LogHelper  : HHH000204: Processing PersistenceUnitInfo [name: default]
2026-01-17T03:48:00.488+05:30  INFO 54383 --- [job_scheduler] [main] org.hibernate.Version                    : HHH000412: Hibernate ORM core version 6.6.18.Final
2026-01-17T03:48:00.504+05:30  INFO 54383 --- [job_scheduler] [main] o.h.c.internal.RegionFactoryInitiator    : HHH000026: Second-level cache disabled
2026-01-17T03:48:00.619+05:30  INFO 54383 --- [job_scheduler] [main] o.s.o.j.p.SpringPersistenceUnitInfo      : No LoadTimeWeaver setup: ignoring JPA class transformer
2026-01-17T03:48:00.635+05:30  INFO 54383 --- [job_scheduler] [main] com.zaxxer.hikari.HikariDataSource       : HikariPool-1 - Starting...
2026-01-17T03:48:00.704+05:30  INFO 54383 --- [job_scheduler] [main] com.zaxxer.hikari.pool.HikariPool        : HikariPool-1 - Added connection org.postgresql.jdbc.PgConnection@5d01b0d8
2026-01-17T03:48:00.705+05:30  INFO 54383 --- [job_scheduler] [main] com.zaxxer.hikari.HikariDataSource       : HikariPool-1 - Start completed.
2026-01-17T03:48:00.735+05:30  WARN 54383 --- [job_scheduler] [main] org.hibernate.orm.deprecation            : HHH90000025: PostgreSQLDialect does not need to be specified explicitly using 'hibernate.dialect' (remove the property setting and it will be selected by default)
2026-01-17T03:48:00.757+05:30  INFO 54383 --- [job_scheduler] [main] org.hibernate.orm.connections.pooling    : HHH10001005: Database info:
	Database JDBC URL [Connecting through datasource 'HikariDataSource (HikariPool-1)']
	Database driver: undefined/unknown
	Database version: 14.20
	Autocommit mode: undefined/unknown
	Isolation level: undefined/unknown
	Minimum pool size: undefined/unknown
	Maximum pool size: undefined/unknown
2026-01-17T03:48:01.220+05:30  INFO 54383 --- [job_scheduler] [main] o.h.e.t.j.p.i.JtaPlatformInitiator       : HHH000489: No JTA platform available (set 'hibernate.transaction.jta.platform' to enable JTA platform integration)
2026-01-17T03:48:01.259+05:30  INFO 54383 --- [job_scheduler] [main] j.LocalContainerEntityManagerFactoryBean : Initialized JPA EntityManagerFactory for persistence unit 'default'
2026-01-17T03:48:01.412+05:30  INFO 54383 --- [job_scheduler] [main] o.s.d.j.r.query.QueryEnhancerFactory     : Hibernate is in classpath; If applicable, HQL parser will be used.
2026-01-17T03:48:02.003+05:30  WARN 54383 --- [job_scheduler] [main] JpaBaseConfiguration$JpaWebConfiguration : spring.jpa.open-in-view is enabled by default. Therefore, database queries may be performed during view rendering. Explicitly configure spring.jpa.open-in-view to disable this warning
2026-01-17T03:48:02.028+05:30  WARN 54383 --- [job_scheduler] [main] .s.s.UserDetailsServiceAutoConfiguration : 

Using generated security password: 887e3688-e038-4cfd-88a4-0b6b670a7744

This generated password is for development use only. Your security configuration must be updated before running your application in production.

2026-01-17T03:48:02.033+05:30  INFO 54383 --- [job_scheduler] [main] r$InitializeUserDetailsManagerConfigurer : Global AuthenticationManager configured with UserDetailsService bean with name inMemoryUserDetailsManager
2026-01-17T03:48:02.378+05:30  INFO 54383 --- [job_scheduler] [main] o.s.b.w.embedded.tomcat.TomcatWebServer  : Tomcat started on port 8081 (http) with context path '/'
2026-01-17T03:48:02.386+05:30  INFO 54383 --- [job_scheduler] [main] c.c.j.JobSchedulerApplication            : Started JobSchedulerApplication in 3.247 seconds (process running for 3.444)
2026-01-17T03:49:00.677+05:30  INFO 54383 --- [job_scheduler] [http-nio-8081-exec-1] o.a.c.c.C.[Tomcat].[localhost].[/]       : Initializing Spring DispatcherServlet 'dispatcherServlet'
2026-01-17T03:49:00.684+05:30  INFO 54383 --- [job_scheduler] [http-nio-8081-exec-1] o.s.web.servlet.DispatcherServlet        : Initializing Servlet 'dispatcherServlet'
2026-01-17T03:49:00.711+05:30  INFO 54383 --- [job_scheduler] [http-nio-8081-exec-1] o.s.web.servlet.DispatcherServlet        : Completed initialization in 27 ms
2026-01-17T03:57:28.110+05:30  INFO 54383 --- [job_scheduler] [SpringApplicationShutdownHook] o.s.b.w.e.tomcat.GracefulShutdown        : Commencing graceful shutdown. Waiting for active requests to complete
2026-01-17T03:57:28.121+05:30  INFO 54383 --- [job_scheduler] [tomcat-shutdown] o.s.b.w.e.tomcat.GracefulShutdown        : Graceful shutdown complete
2026-01-17T03:57:28.160+05:30  INFO 54383 --- [job_scheduler] [SpringApplicationShutdownHook] j.LocalContainerEntityManagerFactoryBean : Closing JPA EntityManagerFactory for persistence unit 'default'
2026-01-17T03:57:28.168+05:30  INFO 54383 --- [job_scheduler] [SpringApplicationShutdownHook] com.zaxxer.hikari.HikariDataSource       : HikariPool-1 - Shutdown initiated...
2026-01-17T03:57:28.170+05:30  INFO 54383 --- [job_scheduler] [SpringApplicationShutdownHook] com.zaxxer.hikari.HikariDataSource       : HikariPool-1 - Shutdown completed.
