2026-01-21T02:09:48.406+05:30  INFO 4423 --- [auth_service] [main] c.c.auth_service.AuthServiceApplication  : Starting AuthServiceApplication using Java 17.0.15 with PID 4423 (/Users/dishanchutani/Documents/chronos/auth_service/build/classes/java/main started by dishanchutani in /Users/dishanchutani/Documents/chronos/auth_service)
2026-01-21T02:09:48.413+05:30  INFO 4423 --- [auth_service] [main] c.c.auth_service.AuthServiceApplication  : The following 1 profile is active: "local"
2026-01-21T02:09:49.038+05:30  INFO 4423 --- [auth_service] [main] .s.d.r.c.RepositoryConfigurationDelegate : Bootstrapping Spring Data JPA repositories in DEFAULT mode.
2026-01-21T02:09:49.076+05:30  INFO 4423 --- [auth_service] [main] .s.d.r.c.RepositoryConfigurationDelegate : Finished Spring Data repository scanning in 33 ms. Found 2 JPA repository interfaces.
2026-01-21T02:09:49.753+05:30  INFO 4423 --- [auth_service] [main] o.s.b.w.embedded.tomcat.TomcatWebServer  : Tomcat initialized with port 8080 (http)
2026-01-21T02:09:49.773+05:30  INFO 4423 --- [auth_service] [main] o.apache.catalina.core.StandardService   : Starting service [Tomcat]
2026-01-21T02:09:49.773+05:30  INFO 4423 --- [auth_service] [main] o.apache.catalina.core.StandardEngine    : Starting Servlet engine: [Apache Tomcat/10.1.42]
2026-01-21T02:09:49.825+05:30  INFO 4423 --- [auth_service] [main] o.a.c.c.C.[Tomcat].[localhost].[/]       : Initializing Spring embedded WebApplicationContext
2026-01-21T02:09:49.826+05:30  INFO 4423 --- [auth_service] [main] w.s.c.ServletWebServerApplicationContext : Root WebApplicationContext: initialization completed in 1349 ms
2026-01-21T02:09:50.129+05:30  INFO 4423 --- [auth_service] [main] o.hibernate.jpa.internal.util.LogHelper  : HHH000204: Processing PersistenceUnitInfo [name: default]
2026-01-21T02:09:50.234+05:30  INFO 4423 --- [auth_service] [main] org.hibernate.Version                    : HHH000412: Hibernate ORM core version 6.6.18.Final
2026-01-21T02:09:50.275+05:30  INFO 4423 --- [auth_service] [main] o.h.c.internal.RegionFactoryInitiator    : HHH000026: Second-level cache disabled
2026-01-21T02:09:50.563+05:30  INFO 4423 --- [auth_service] [main] o.s.o.j.p.SpringPersistenceUnitInfo      : No LoadTimeWeaver setup: ignoring JPA class transformer
2026-01-21T02:09:50.587+05:30  INFO 4423 --- [auth_service] [main] com.zaxxer.hikari.HikariDataSource       : HikariPool-1 - Starting...
2026-01-21T02:09:51.098+05:30  INFO 4423 --- [auth_service] [main] com.zaxxer.hikari.pool.HikariPool        : HikariPool-1 - Added connection org.postgresql.jdbc.PgConnection@3dc46f24
2026-01-21T02:09:51.104+05:30  INFO 4423 --- [auth_service] [main] com.zaxxer.hikari.HikariDataSource       : HikariPool-1 - Start completed.
2026-01-21T02:09:51.449+05:30  WARN 4423 --- [auth_service] [main] org.hibernate.orm.deprecation            : HHH90000025: PostgreSQLDialect does not need to be specified explicitly using 'hibernate.dialect' (remove the property setting and it will be selected by default)
2026-01-21T02:09:51.476+05:30  INFO 4423 --- [auth_service] [main] org.hibernate.orm.connections.pooling    : HHH10001005: Database info:
	Database JDBC URL [Connecting through datasource 'HikariDataSource (HikariPool-1)']
	Database driver: undefined/unknown
	Database version: 14.20
	Autocommit mode: undefined/unknown
	Isolation level: undefined/unknown
	Minimum pool size: undefined/unknown
	Maximum pool size: undefined/unknown
2026-01-21T02:09:52.200+05:30  INFO 4423 --- [auth_service] [main] o.h.e.t.j.p.i.JtaPlatformInitiator       : HHH000489: No JTA platform available (set 'hibernate.transaction.jta.platform' to enable JTA platform integration)
2026-01-21T02:09:52.639+05:30  INFO 4423 --- [auth_service] [main] j.LocalContainerEntityManagerFactoryBean : Initialized JPA EntityManagerFactory for persistence unit 'default'
2026-01-21T02:09:52.947+05:30  WARN 4423 --- [auth_service] [main] JpaBaseConfiguration$JpaWebConfiguration : spring.jpa.open-in-view is enabled by default. Therefore, database queries may be performed during view rendering. Explicitly configure spring.jpa.open-in-view to disable this warning
2026-01-21T02:09:52.982+05:30  WARN 4423 --- [auth_service] [main] .s.s.UserDetailsServiceAutoConfiguration : 

Using generated security password: cc584436-6f7f-4cc2-a54b-2b10d22648d1

This generated password is for development use only. Your security configuration must be updated before running your application in production.

2026-01-21T02:09:52.989+05:30  INFO 4423 --- [auth_service] [main] r$InitializeUserDetailsManagerConfigurer : Global AuthenticationManager configured with UserDetailsService bean with name inMemoryUserDetailsManager
2026-01-21T02:09:53.489+05:30  INFO 4423 --- [auth_service] [main] o.s.b.w.embedded.tomcat.TomcatWebServer  : Tomcat started on port 8080 (http) with context path '/'
2026-01-21T02:09:53.496+05:30  INFO 4423 --- [auth_service] [main] c.c.auth_service.AuthServiceApplication  : Started AuthServiceApplication in 5.601 seconds (process running for 5.875)
2026-01-21T02:10:15.978+05:30  INFO 4423 --- [auth_service] [http-nio-8080-exec-1] o.a.c.c.C.[Tomcat].[localhost].[/]       : Initializing Spring DispatcherServlet 'dispatcherServlet'
2026-01-21T02:10:15.979+05:30  INFO 4423 --- [auth_service] [http-nio-8080-exec-1] o.s.web.servlet.DispatcherServlet        : Initializing Servlet 'dispatcherServlet'
2026-01-21T02:10:15.984+05:30  INFO 4423 --- [auth_service] [http-nio-8080-exec-1] o.s.web.servlet.DispatcherServlet        : Completed initialization in 4 ms
2026-01-21T02:12:40.733+05:30  INFO 4423 --- [auth_service] [SpringApplicationShutdownHook] o.s.b.w.e.tomcat.GracefulShutdown        : Commencing graceful shutdown. Waiting for active requests to complete
2026-01-21T02:12:40.743+05:30  INFO 4423 --- [auth_service] [tomcat-shutdown] o.s.b.w.e.tomcat.GracefulShutdown        : Graceful shutdown complete
2026-01-21T02:12:40.750+05:30  INFO 4423 --- [auth_service] [SpringApplicationShutdownHook] j.LocalContainerEntityManagerFactoryBean : Closing JPA EntityManagerFactory for persistence unit 'default'
2026-01-21T02:12:40.766+05:30  INFO 4423 --- [auth_service] [SpringApplicationShutdownHook] com.zaxxer.hikari.HikariDataSource       : HikariPool-1 - Shutdown initiated...
2026-01-21T02:12:40.770+05:30  INFO 4423 --- [auth_service] [SpringApplicationShutdownHook] com.zaxxer.hikari.HikariDataSource       : HikariPool-1 - Shutdown completed.
