2026-01-21T02:09:57.575+05:30  INFO 4462 --- [job_executor] [main] c.c.job_executor.JobExecutorApplication  : Starting JobExecutorApplication using Java 17.0.15 with PID 4462 (/Users/dishanchutani/Documents/chronos/job_executor/build/classes/java/main started by dishanchutani in /Users/dishanchutani/Documents/chronos/job_executor)
2026-01-21T02:09:57.579+05:30  INFO 4462 --- [job_executor] [main] c.c.job_executor.JobExecutorApplication  : The following 1 profile is active: "local"
2026-01-21T02:09:58.338+05:30  INFO 4462 --- [job_executor] [main] o.s.b.w.embedded.tomcat.TomcatWebServer  : Tomcat initialized with port 8082 (http)
2026-01-21T02:09:58.345+05:30  INFO 4462 --- [job_executor] [main] o.apache.catalina.core.StandardService   : Starting service [Tomcat]
2026-01-21T02:09:58.346+05:30  INFO 4462 --- [job_executor] [main] o.apache.catalina.core.StandardEngine    : Starting Servlet engine: [Apache Tomcat/10.1.42]
2026-01-21T02:09:58.375+05:30  INFO 4462 --- [job_executor] [main] o.a.c.c.C.[Tomcat].[localhost].[/]       : Initializing Spring embedded WebApplicationContext
2026-01-21T02:09:58.375+05:30  INFO 4462 --- [job_executor] [main] w.s.c.ServletWebServerApplicationContext : Root WebApplicationContext: initialization completed in 759 ms
2026-01-21T02:09:58.701+05:30  WARN 4462 --- [job_executor] [main] .s.s.UserDetailsServiceAutoConfiguration : 

Using generated security password: bfff1c24-10f0-49bf-99ff-bb498c8cc238

This generated password is for development use only. Your security configuration must be updated before running your application in production.

2026-01-21T02:09:58.705+05:30  INFO 4462 --- [job_executor] [main] r$InitializeUserDetailsManagerConfigurer : Global AuthenticationManager configured with UserDetailsService bean with name inMemoryUserDetailsManager
2026-01-21T02:09:59.036+05:30  INFO 4462 --- [job_executor] [main] o.s.b.w.embedded.tomcat.TomcatWebServer  : Tomcat started on port 8082 (http) with context path '/'
2026-01-21T02:09:59.052+05:30  INFO 4462 --- [job_executor] [main] o.a.k.clients.consumer.ConsumerConfig    : ConsumerConfig values: 
	allow.auto.create.topics = true
	auto.commit.interval.ms = 5000
	auto.include.jmx.reporter = true
	auto.offset.reset = earliest
	bootstrap.servers = [localhost:9092]
	check.crcs = true
	client.dns.lookup = use_all_dns_ips
	client.id = consumer-job-executor-1
	client.rack = 
	connections.max.idle.ms = 540000
	default.api.timeout.ms = 60000
	enable.auto.commit = false
	enable.metrics.push = true
	exclude.internal.topics = true
	fetch.max.bytes = 52428800
	fetch.max.wait.ms = 500
	fetch.min.bytes = 1
	group.id = job-executor
	group.instance.id = null
	group.protocol = classic
	group.remote.assignor = null
	heartbeat.interval.ms = 3000
	interceptor.classes = []
	internal.leave.group.on.close = true
	internal.throw.on.fetch.stable.offset.unsupported = false
	isolation.level = read_uncommitted
	key.deserializer = class org.apache.kafka.common.serialization.StringDeserializer
	max.partition.fetch.bytes = 1048576
	max.poll.interval.ms = 300000
	max.poll.records = 500
	metadata.max.age.ms = 300000
	metadata.recovery.strategy = none
	metric.reporters = []
	metrics.num.samples = 2
	metrics.recording.level = INFO
	metrics.sample.window.ms = 30000
	partition.assignment.strategy = [class org.apache.kafka.clients.consumer.RangeAssignor, class org.apache.kafka.clients.consumer.CooperativeStickyAssignor]
	receive.buffer.bytes = 65536
	reconnect.backoff.max.ms = 1000
	reconnect.backoff.ms = 50
	request.timeout.ms = 30000
	retry.backoff.max.ms = 1000
	retry.backoff.ms = 100
	sasl.client.callback.handler.class = null
	sasl.jaas.config = null
	sasl.kerberos.kinit.cmd = /usr/bin/kinit
	sasl.kerberos.min.time.before.relogin = 60000
	sasl.kerberos.service.name = null
	sasl.kerberos.ticket.renew.jitter = 0.05
	sasl.kerberos.ticket.renew.window.factor = 0.8
	sasl.login.callback.handler.class = null
	sasl.login.class = null
	sasl.login.connect.timeout.ms = null
	sasl.login.read.timeout.ms = null
	sasl.login.refresh.buffer.seconds = 300
	sasl.login.refresh.min.period.seconds = 60
	sasl.login.refresh.window.factor = 0.8
	sasl.login.refresh.window.jitter = 0.05
	sasl.login.retry.backoff.max.ms = 10000
	sasl.login.retry.backoff.ms = 100
	sasl.mechanism = GSSAPI
	sasl.oauthbearer.clock.skew.seconds = 30
	sasl.oauthbearer.expected.audience = null
	sasl.oauthbearer.expected.issuer = null
	sasl.oauthbearer.header.urlencode = false
	sasl.oauthbearer.jwks.endpoint.refresh.ms = 3600000
	sasl.oauthbearer.jwks.endpoint.retry.backoff.max.ms = 10000
	sasl.oauthbearer.jwks.endpoint.retry.backoff.ms = 100
	sasl.oauthbearer.jwks.endpoint.url = null
	sasl.oauthbearer.scope.claim.name = scope
	sasl.oauthbearer.sub.claim.name = sub
	sasl.oauthbearer.token.endpoint.url = null
	security.protocol = PLAINTEXT
	security.providers = null
	send.buffer.bytes = 131072
	session.timeout.ms = 45000
	socket.connection.setup.timeout.max.ms = 30000
	socket.connection.setup.timeout.ms = 10000
	ssl.cipher.suites = null
	ssl.enabled.protocols = [TLSv1.2, TLSv1.3]
	ssl.endpoint.identification.algorithm = https
	ssl.engine.factory.class = null
	ssl.key.password = null
	ssl.keymanager.algorithm = SunX509
	ssl.keystore.certificate.chain = null
	ssl.keystore.key = null
	ssl.keystore.location = null
	ssl.keystore.password = null
	ssl.keystore.type = JKS
	ssl.protocol = TLSv1.3
	ssl.provider = null
	ssl.secure.random.implementation = null
	ssl.trustmanager.algorithm = PKIX
	ssl.truststore.certificates = null
	ssl.truststore.location = null
	ssl.truststore.password = null
	ssl.truststore.type = JKS
	value.deserializer = class org.springframework.kafka.support.serializer.JsonDeserializer

2026-01-21T02:09:59.078+05:30  INFO 4462 --- [job_executor] [main] o.a.k.c.t.i.KafkaMetricsCollector        : initializing Kafka metrics collector
2026-01-21T02:09:59.167+05:30  INFO 4462 --- [job_executor] [main] o.a.kafka.common.utils.AppInfoParser     : Kafka version: 3.9.1
2026-01-21T02:09:59.170+05:30  INFO 4462 --- [job_executor] [main] o.a.kafka.common.utils.AppInfoParser     : Kafka commitId: f745dfdcee2b9851
2026-01-21T02:09:59.170+05:30  INFO 4462 --- [job_executor] [main] o.a.kafka.common.utils.AppInfoParser     : Kafka startTimeMs: 1768941599167
2026-01-21T02:09:59.171+05:30  INFO 4462 --- [job_executor] [main] o.a.k.c.c.i.ClassicKafkaConsumer         : [Consumer clientId=consumer-job-executor-1, groupId=job-executor] Subscribed to topic(s): scheduled-jobs-topic
2026-01-21T02:09:59.176+05:30  INFO 4462 --- [job_executor] [main] o.a.k.clients.consumer.ConsumerConfig    : ConsumerConfig values: 
	allow.auto.create.topics = true
	auto.commit.interval.ms = 5000
	auto.include.jmx.reporter = true
	auto.offset.reset = earliest
	bootstrap.servers = [localhost:9092]
	check.crcs = true
	client.dns.lookup = use_all_dns_ips
	client.id = consumer-job-executor-2
	client.rack = 
	connections.max.idle.ms = 540000
	default.api.timeout.ms = 60000
	enable.auto.commit = false
	enable.metrics.push = true
	exclude.internal.topics = true
	fetch.max.bytes = 52428800
	fetch.max.wait.ms = 500
	fetch.min.bytes = 1
	group.id = job-executor
	group.instance.id = null
	group.protocol = classic
	group.remote.assignor = null
	heartbeat.interval.ms = 3000
	interceptor.classes = []
	internal.leave.group.on.close = true
	internal.throw.on.fetch.stable.offset.unsupported = false
	isolation.level = read_uncommitted
	key.deserializer = class org.apache.kafka.common.serialization.StringDeserializer
	max.partition.fetch.bytes = 1048576
	max.poll.interval.ms = 300000
	max.poll.records = 500
	metadata.max.age.ms = 300000
	metadata.recovery.strategy = none
	metric.reporters = []
	metrics.num.samples = 2
	metrics.recording.level = INFO
	metrics.sample.window.ms = 30000
	partition.assignment.strategy = [class org.apache.kafka.clients.consumer.RangeAssignor, class org.apache.kafka.clients.consumer.CooperativeStickyAssignor]
	receive.buffer.bytes = 65536
	reconnect.backoff.max.ms = 1000
	reconnect.backoff.ms = 50
	request.timeout.ms = 30000
	retry.backoff.max.ms = 1000
	retry.backoff.ms = 100
	sasl.client.callback.handler.class = null
	sasl.jaas.config = null
	sasl.kerberos.kinit.cmd = /usr/bin/kinit
	sasl.kerberos.min.time.before.relogin = 60000
	sasl.kerberos.service.name = null
	sasl.kerberos.ticket.renew.jitter = 0.05
	sasl.kerberos.ticket.renew.window.factor = 0.8
	sasl.login.callback.handler.class = null
	sasl.login.class = null
	sasl.login.connect.timeout.ms = null
	sasl.login.read.timeout.ms = null
	sasl.login.refresh.buffer.seconds = 300
	sasl.login.refresh.min.period.seconds = 60
	sasl.login.refresh.window.factor = 0.8
	sasl.login.refresh.window.jitter = 0.05
	sasl.login.retry.backoff.max.ms = 10000
	sasl.login.retry.backoff.ms = 100
	sasl.mechanism = GSSAPI
	sasl.oauthbearer.clock.skew.seconds = 30
	sasl.oauthbearer.expected.audience = null
	sasl.oauthbearer.expected.issuer = null
	sasl.oauthbearer.header.urlencode = false
	sasl.oauthbearer.jwks.endpoint.refresh.ms = 3600000
	sasl.oauthbearer.jwks.endpoint.retry.backoff.max.ms = 10000
	sasl.oauthbearer.jwks.endpoint.retry.backoff.ms = 100
	sasl.oauthbearer.jwks.endpoint.url = null
	sasl.oauthbearer.scope.claim.name = scope
	sasl.oauthbearer.sub.claim.name = sub
	sasl.oauthbearer.token.endpoint.url = null
	security.protocol = PLAINTEXT
	security.providers = null
	send.buffer.bytes = 131072
	session.timeout.ms = 45000
	socket.connection.setup.timeout.max.ms = 30000
	socket.connection.setup.timeout.ms = 10000
	ssl.cipher.suites = null
	ssl.enabled.protocols = [TLSv1.2, TLSv1.3]
	ssl.endpoint.identification.algorithm = https
	ssl.engine.factory.class = null
	ssl.key.password = null
	ssl.keymanager.algorithm = SunX509
	ssl.keystore.certificate.chain = null
	ssl.keystore.key = null
	ssl.keystore.location = null
	ssl.keystore.password = null
	ssl.keystore.type = JKS
	ssl.protocol = TLSv1.3
	ssl.provider = null
	ssl.secure.random.implementation = null
	ssl.trustmanager.algorithm = PKIX
	ssl.truststore.certificates = null
	ssl.truststore.location = null
	ssl.truststore.password = null
	ssl.truststore.type = JKS
	value.deserializer = class org.springframework.kafka.support.serializer.JsonDeserializer

2026-01-21T02:09:59.179+05:30  INFO 4462 --- [job_executor] [main] o.a.k.c.t.i.KafkaMetricsCollector        : initializing Kafka metrics collector
2026-01-21T02:09:59.187+05:30  INFO 4462 --- [job_executor] [main] o.a.kafka.common.utils.AppInfoParser     : Kafka version: 3.9.1
2026-01-21T02:09:59.188+05:30  INFO 4462 --- [job_executor] [main] o.a.kafka.common.utils.AppInfoParser     : Kafka commitId: f745dfdcee2b9851
2026-01-21T02:09:59.188+05:30  INFO 4462 --- [job_executor] [main] o.a.kafka.common.utils.AppInfoParser     : Kafka startTimeMs: 1768941599187
2026-01-21T02:09:59.189+05:30  INFO 4462 --- [job_executor] [main] o.a.k.c.c.i.ClassicKafkaConsumer         : [Consumer clientId=consumer-job-executor-2, groupId=job-executor] Subscribed to topic(s): scheduled-updated-jobs-topic
2026-01-21T02:09:59.201+05:30  INFO 4462 --- [job_executor] [main] c.c.job_executor.JobExecutorApplication  : Started JobExecutorApplication in 1.904 seconds (process running for 2.107)
2026-01-21T02:09:59.676+05:30  INFO 4462 --- [job_executor] [org.springframework.kafka.KafkaListenerEndpointContainer#1-0-C-1] org.apache.kafka.clients.Metadata        : [Consumer clientId=consumer-job-executor-2, groupId=job-executor] Cluster ID: 3-NS_9qTSXShPmF7mFqOJA
2026-01-21T02:09:59.676+05:30  INFO 4462 --- [job_executor] [org.springframework.kafka.KafkaListenerEndpointContainer#0-0-C-1] org.apache.kafka.clients.Metadata        : [Consumer clientId=consumer-job-executor-1, groupId=job-executor] Cluster ID: 3-NS_9qTSXShPmF7mFqOJA
2026-01-21T02:09:59.725+05:30  INFO 4462 --- [job_executor] [org.springframework.kafka.KafkaListenerEndpointContainer#1-0-C-1] o.a.k.c.c.internals.ConsumerCoordinator  : [Consumer clientId=consumer-job-executor-2, groupId=job-executor] Discovered group coordinator localhost:9092 (id: 2147483646 rack: null)
2026-01-21T02:09:59.726+05:30  INFO 4462 --- [job_executor] [org.springframework.kafka.KafkaListenerEndpointContainer#1-0-C-1] o.a.k.c.c.internals.ConsumerCoordinator  : [Consumer clientId=consumer-job-executor-2, groupId=job-executor] (Re-)joining group
2026-01-21T02:09:59.727+05:30  INFO 4462 --- [job_executor] [org.springframework.kafka.KafkaListenerEndpointContainer#0-0-C-1] o.a.k.c.c.internals.ConsumerCoordinator  : [Consumer clientId=consumer-job-executor-1, groupId=job-executor] Discovered group coordinator localhost:9092 (id: 2147483646 rack: null)
2026-01-21T02:09:59.728+05:30  INFO 4462 --- [job_executor] [org.springframework.kafka.KafkaListenerEndpointContainer#0-0-C-1] o.a.k.c.c.internals.ConsumerCoordinator  : [Consumer clientId=consumer-job-executor-1, groupId=job-executor] (Re-)joining group
2026-01-21T02:09:59.824+05:30  INFO 4462 --- [job_executor] [org.springframework.kafka.KafkaListenerEndpointContainer#0-0-C-1] o.a.k.c.c.internals.ConsumerCoordinator  : [Consumer clientId=consumer-job-executor-1, groupId=job-executor] Request joining group due to: need to re-join with the given member-id: consumer-job-executor-1-9731d373-89e8-4956-b5ba-f325671e4919
2026-01-21T02:09:59.824+05:30  INFO 4462 --- [job_executor] [org.springframework.kafka.KafkaListenerEndpointContainer#1-0-C-1] o.a.k.c.c.internals.ConsumerCoordinator  : [Consumer clientId=consumer-job-executor-2, groupId=job-executor] Request joining group due to: need to re-join with the given member-id: consumer-job-executor-2-6656d4c9-4d5f-4ecf-bb3c-446f4564e7e9
2026-01-21T02:09:59.824+05:30  INFO 4462 --- [job_executor] [org.springframework.kafka.KafkaListenerEndpointContainer#0-0-C-1] o.a.k.c.c.internals.ConsumerCoordinator  : [Consumer clientId=consumer-job-executor-1, groupId=job-executor] (Re-)joining group
2026-01-21T02:09:59.824+05:30  INFO 4462 --- [job_executor] [org.springframework.kafka.KafkaListenerEndpointContainer#1-0-C-1] o.a.k.c.c.internals.ConsumerCoordinator  : [Consumer clientId=consumer-job-executor-2, groupId=job-executor] (Re-)joining group
2026-01-21T02:10:00.006+05:30  INFO 4462 --- [job_executor] [job-scheduler-1] c.c.job_executor.service.JobService      : producing jobs for next 1 min
2026-01-21T02:10:00.007+05:30  INFO 4462 --- [job_executor] [job-scheduler-1] c.c.job_executor.service.JobService      : fetching jobs for next 1 min
2026-01-21T02:10:00.008+05:30  INFO 4462 --- [job_executor] [job-scheduler-1] c.c.job_executor.service.JobService      : 2026-01-21T02:10 - 2026-01-21T02:11
2026-01-21T02:10:00.126+05:30 ERROR 4462 --- [job_executor] [job-scheduler-1] i.n.r.d.DnsServerAddressStreamProviders  : Unable to load io.netty.resolver.dns.macos.MacOSDnsServerAddressStreamProvider, fallback to system defaults. This may result in incorrect DNS resolutions on MacOS. Check whether you have a dependency on 'io.netty:netty-resolver-dns-native-macos'. Use DEBUG level to see the full stack: java.lang.UnsatisfiedLinkError: failed to load the required native library
2026-01-21T02:10:05.994+05:30  INFO 4462 --- [job_executor] [org.springframework.kafka.KafkaListenerEndpointContainer#1-0-C-1] o.a.k.c.c.internals.ConsumerCoordinator  : [Consumer clientId=consumer-job-executor-2, groupId=job-executor] Successfully joined group with generation Generation{generationId=161, memberId='consumer-job-executor-2-6656d4c9-4d5f-4ecf-bb3c-446f4564e7e9', protocol='range'}
2026-01-21T02:10:05.994+05:30  INFO 4462 --- [job_executor] [org.springframework.kafka.KafkaListenerEndpointContainer#0-0-C-1] o.a.k.c.c.internals.ConsumerCoordinator  : [Consumer clientId=consumer-job-executor-1, groupId=job-executor] Successfully joined group with generation Generation{generationId=161, memberId='consumer-job-executor-1-9731d373-89e8-4956-b5ba-f325671e4919', protocol='range'}
2026-01-21T02:10:06.152+05:30  INFO 4462 --- [job_executor] [org.springframework.kafka.KafkaListenerEndpointContainer#0-0-C-1] o.a.k.c.c.internals.ConsumerCoordinator  : [Consumer clientId=consumer-job-executor-1, groupId=job-executor] Finished assignment for group at generation 161: {consumer-job-executor-1-9731d373-89e8-4956-b5ba-f325671e4919=Assignment(partitions=[scheduled-jobs-topic-0, scheduled-jobs-topic-1, scheduled-jobs-topic-2]), consumer-job-executor-2-6656d4c9-4d5f-4ecf-bb3c-446f4564e7e9=Assignment(partitions=[scheduled-updated-jobs-topic-0])}
2026-01-21T02:10:06.209+05:30  INFO 4462 --- [job_executor] [org.springframework.kafka.KafkaListenerEndpointContainer#1-0-C-1] o.a.k.c.c.internals.ConsumerCoordinator  : [Consumer clientId=consumer-job-executor-2, groupId=job-executor] Successfully synced group in generation Generation{generationId=161, memberId='consumer-job-executor-2-6656d4c9-4d5f-4ecf-bb3c-446f4564e7e9', protocol='range'}
2026-01-21T02:10:06.209+05:30  INFO 4462 --- [job_executor] [org.springframework.kafka.KafkaListenerEndpointContainer#0-0-C-1] o.a.k.c.c.internals.ConsumerCoordinator  : [Consumer clientId=consumer-job-executor-1, groupId=job-executor] Successfully synced group in generation Generation{generationId=161, memberId='consumer-job-executor-1-9731d373-89e8-4956-b5ba-f325671e4919', protocol='range'}
2026-01-21T02:10:06.210+05:30  INFO 4462 --- [job_executor] [org.springframework.kafka.KafkaListenerEndpointContainer#0-0-C-1] o.a.k.c.c.internals.ConsumerCoordinator  : [Consumer clientId=consumer-job-executor-1, groupId=job-executor] Notifying assignor about the new Assignment(partitions=[scheduled-jobs-topic-0, scheduled-jobs-topic-1, scheduled-jobs-topic-2])
2026-01-21T02:10:06.210+05:30  INFO 4462 --- [job_executor] [org.springframework.kafka.KafkaListenerEndpointContainer#1-0-C-1] o.a.k.c.c.internals.ConsumerCoordinator  : [Consumer clientId=consumer-job-executor-2, groupId=job-executor] Notifying assignor about the new Assignment(partitions=[scheduled-updated-jobs-topic-0])
2026-01-21T02:10:06.215+05:30  INFO 4462 --- [job_executor] [org.springframework.kafka.KafkaListenerEndpointContainer#0-0-C-1] k.c.c.i.ConsumerRebalanceListenerInvoker : [Consumer clientId=consumer-job-executor-1, groupId=job-executor] Adding newly assigned partitions: scheduled-jobs-topic-0, scheduled-jobs-topic-1, scheduled-jobs-topic-2
2026-01-21T02:10:06.215+05:30  INFO 4462 --- [job_executor] [org.springframework.kafka.KafkaListenerEndpointContainer#1-0-C-1] k.c.c.i.ConsumerRebalanceListenerInvoker : [Consumer clientId=consumer-job-executor-2, groupId=job-executor] Adding newly assigned partitions: scheduled-updated-jobs-topic-0
2026-01-21T02:10:06.249+05:30  INFO 4462 --- [job_executor] [org.springframework.kafka.KafkaListenerEndpointContainer#0-0-C-1] o.a.k.c.c.internals.ConsumerUtils        : Setting offset for partition scheduled-jobs-topic-2 to the committed offset FetchPosition{offset=211, offsetEpoch=Optional.empty, currentLeader=LeaderAndEpoch{leader=Optional[localhost:9092 (id: 1 rack: null)], epoch=2}}
2026-01-21T02:10:06.249+05:30  INFO 4462 --- [job_executor] [org.springframework.kafka.KafkaListenerEndpointContainer#1-0-C-1] o.a.k.c.c.internals.ConsumerUtils        : Setting offset for partition scheduled-updated-jobs-topic-0 to the committed offset FetchPosition{offset=493, offsetEpoch=Optional.empty, currentLeader=LeaderAndEpoch{leader=Optional[localhost:9092 (id: 1 rack: null)], epoch=0}}
2026-01-21T02:10:06.249+05:30  INFO 4462 --- [job_executor] [org.springframework.kafka.KafkaListenerEndpointContainer#0-0-C-1] o.a.k.c.c.internals.ConsumerUtils        : Setting offset for partition scheduled-jobs-topic-1 to the committed offset FetchPosition{offset=158, offsetEpoch=Optional.empty, currentLeader=LeaderAndEpoch{leader=Optional[localhost:9092 (id: 1 rack: null)], epoch=2}}
2026-01-21T02:10:06.249+05:30  INFO 4462 --- [job_executor] [org.springframework.kafka.KafkaListenerEndpointContainer#0-0-C-1] o.a.k.c.c.internals.ConsumerUtils        : Setting offset for partition scheduled-jobs-topic-0 to the committed offset FetchPosition{offset=216, offsetEpoch=Optional.empty, currentLeader=LeaderAndEpoch{leader=Optional[localhost:9092 (id: 1 rack: null)], epoch=2}}
2026-01-21T02:10:06.250+05:30  INFO 4462 --- [job_executor] [org.springframework.kafka.KafkaListenerEndpointContainer#1-0-C-1] o.s.k.l.KafkaMessageListenerContainer    : job-executor: partitions assigned: [scheduled-updated-jobs-topic-0]
2026-01-21T02:10:06.250+05:30  INFO 4462 --- [job_executor] [org.springframework.kafka.KafkaListenerEndpointContainer#0-0-C-1] o.s.k.l.KafkaMessageListenerContainer    : job-executor: partitions assigned: [scheduled-jobs-topic-0, scheduled-jobs-topic-1, scheduled-jobs-topic-2]
2026-01-21T02:11:00.008+05:30  INFO 4462 --- [job_executor] [job-scheduler-1] c.c.job_executor.service.JobService      : producing jobs for next 1 min
2026-01-21T02:11:00.011+05:30  INFO 4462 --- [job_executor] [job-scheduler-1] c.c.job_executor.service.JobService      : fetching jobs for next 1 min
2026-01-21T02:11:00.013+05:30  INFO 4462 --- [job_executor] [job-scheduler-1] c.c.job_executor.service.JobService      : 2026-01-21T02:11 - 2026-01-21T02:12
2026-01-21T02:11:00.113+05:30  INFO 4462 --- [job_executor] [job-scheduler-1] c.c.job_executor.service.JobService      : producer side: 302
2026-01-21T02:11:00.113+05:30  INFO 4462 --- [job_executor] [job-scheduler-1] c.c.j.service.JobProducerService         : producing jobs to kafka: 302
2026-01-21T02:11:00.121+05:30  INFO 4462 --- [job_executor] [job-scheduler-1] o.a.k.clients.producer.ProducerConfig    : ProducerConfig values: 
	acks = -1
	auto.include.jmx.reporter = true
	batch.size = 16384
	bootstrap.servers = [localhost:9092]
	buffer.memory = 33554432
	client.dns.lookup = use_all_dns_ips
	client.id = job_executor-producer-1
	compression.gzip.level = -1
	compression.lz4.level = 9
	compression.type = none
	compression.zstd.level = 3
	connections.max.idle.ms = 540000
	delivery.timeout.ms = 120000
	enable.idempotence = true
	enable.metrics.push = true
	interceptor.classes = []
	key.serializer = class org.apache.kafka.common.serialization.StringSerializer
	linger.ms = 0
	max.block.ms = 60000
	max.in.flight.requests.per.connection = 5
	max.request.size = 1048576
	metadata.max.age.ms = 300000
	metadata.max.idle.ms = 300000
	metadata.recovery.strategy = none
	metric.reporters = []
	metrics.num.samples = 2
	metrics.recording.level = INFO
	metrics.sample.window.ms = 30000
	partitioner.adaptive.partitioning.enable = true
	partitioner.availability.timeout.ms = 0
	partitioner.class = null
	partitioner.ignore.keys = false
	receive.buffer.bytes = 32768
	reconnect.backoff.max.ms = 1000
	reconnect.backoff.ms = 50
	request.timeout.ms = 30000
	retries = 2147483647
	retry.backoff.max.ms = 1000
	retry.backoff.ms = 100
	sasl.client.callback.handler.class = null
	sasl.jaas.config = null
	sasl.kerberos.kinit.cmd = /usr/bin/kinit
	sasl.kerberos.min.time.before.relogin = 60000
	sasl.kerberos.service.name = null
	sasl.kerberos.ticket.renew.jitter = 0.05
	sasl.kerberos.ticket.renew.window.factor = 0.8
	sasl.login.callback.handler.class = null
	sasl.login.class = null
	sasl.login.connect.timeout.ms = null
	sasl.login.read.timeout.ms = null
	sasl.login.refresh.buffer.seconds = 300
	sasl.login.refresh.min.period.seconds = 60
	sasl.login.refresh.window.factor = 0.8
	sasl.login.refresh.window.jitter = 0.05
	sasl.login.retry.backoff.max.ms = 10000
	sasl.login.retry.backoff.ms = 100
	sasl.mechanism = GSSAPI
	sasl.oauthbearer.clock.skew.seconds = 30
	sasl.oauthbearer.expected.audience = null
	sasl.oauthbearer.expected.issuer = null
	sasl.oauthbearer.header.urlencode = false
	sasl.oauthbearer.jwks.endpoint.refresh.ms = 3600000
	sasl.oauthbearer.jwks.endpoint.retry.backoff.max.ms = 10000
	sasl.oauthbearer.jwks.endpoint.retry.backoff.ms = 100
	sasl.oauthbearer.jwks.endpoint.url = null
	sasl.oauthbearer.scope.claim.name = scope
	sasl.oauthbearer.sub.claim.name = sub
	sasl.oauthbearer.token.endpoint.url = null
	security.protocol = PLAINTEXT
	security.providers = null
	send.buffer.bytes = 131072
	socket.connection.setup.timeout.max.ms = 30000
	socket.connection.setup.timeout.ms = 10000
	ssl.cipher.suites = null
	ssl.enabled.protocols = [TLSv1.2, TLSv1.3]
	ssl.endpoint.identification.algorithm = https
	ssl.engine.factory.class = null
	ssl.key.password = null
	ssl.keymanager.algorithm = SunX509
	ssl.keystore.certificate.chain = null
	ssl.keystore.key = null
	ssl.keystore.location = null
	ssl.keystore.password = null
	ssl.keystore.type = JKS
	ssl.protocol = TLSv1.3
	ssl.provider = null
	ssl.secure.random.implementation = null
	ssl.trustmanager.algorithm = PKIX
	ssl.truststore.certificates = null
	ssl.truststore.location = null
	ssl.truststore.password = null
	ssl.truststore.type = JKS
	transaction.timeout.ms = 60000
	transactional.id = null
	value.serializer = class org.springframework.kafka.support.serializer.JsonSerializer

2026-01-21T02:11:00.122+05:30  INFO 4462 --- [job_executor] [job-scheduler-1] o.a.k.c.t.i.KafkaMetricsCollector        : initializing Kafka metrics collector
2026-01-21T02:11:00.134+05:30  INFO 4462 --- [job_executor] [job-scheduler-1] o.a.k.clients.producer.KafkaProducer     : [Producer clientId=job_executor-producer-1] Instantiated an idempotent producer.
2026-01-21T02:11:00.141+05:30  INFO 4462 --- [job_executor] [job-scheduler-1] o.a.kafka.common.utils.AppInfoParser     : Kafka version: 3.9.1
2026-01-21T02:11:00.141+05:30  INFO 4462 --- [job_executor] [job-scheduler-1] o.a.kafka.common.utils.AppInfoParser     : Kafka commitId: f745dfdcee2b9851
2026-01-21T02:11:00.141+05:30  INFO 4462 --- [job_executor] [job-scheduler-1] o.a.kafka.common.utils.AppInfoParser     : Kafka startTimeMs: 1768941660141
2026-01-21T02:11:00.155+05:30  INFO 4462 --- [job_executor] [kafka-producer-network-thread | job_executor-producer-1] org.apache.kafka.clients.Metadata        : [Producer clientId=job_executor-producer-1] Cluster ID: 3-NS_9qTSXShPmF7mFqOJA
2026-01-21T02:11:00.166+05:30  INFO 4462 --- [job_executor] [job-scheduler-1] c.c.job_executor.service.JobService      : producer side: 303
2026-01-21T02:11:00.166+05:30  INFO 4462 --- [job_executor] [job-scheduler-1] c.c.j.service.JobProducerService         : producing jobs to kafka: 303
2026-01-21T02:11:00.175+05:30  INFO 4462 --- [job_executor] [kafka-producer-network-thread | job_executor-producer-1] o.a.k.c.p.internals.TransactionManager   : [Producer clientId=job_executor-producer-1] ProducerId set to 1065 with epoch 0
2026-01-21T02:11:00.224+05:30  INFO 4462 --- [job_executor] [org.springframework.kafka.KafkaListenerEndpointContainer#0-0-C-1] c.c.j.service.JobConsumerService         : consumer side: 302
2026-01-21T02:11:00.224+05:30  INFO 4462 --- [job_executor] [job-scheduler-1] c.c.j.service.JobSchedulerService        : execution started for job: 302
2026-01-21T02:11:00.224+05:30  INFO 4462 --- [job_executor] [job-scheduler-1] c.c.j.service.JobSchedulerService        : python --version
2026-01-21T02:11:00.224+05:30  INFO 4462 --- [job_executor] [job-scheduler-1] c.c.j.service.JobSchedulerService        : /
2026-01-21T02:11:00.224+05:30  INFO 4462 --- [job_executor] [job-scheduler-1] c.c.j.service.JobSchedulerService        : test_job1
2026-01-21T02:11:00.225+05:30  INFO 4462 --- [job_executor] [org.springframework.kafka.KafkaListenerEndpointContainer#0-0-C-1] c.c.j.service.JobSchedulerService        : Scheduled job 302 with runAt 2026-01-21T02:11
2026-01-21T02:11:00.226+05:30  INFO 4462 --- [job_executor] [org.springframework.kafka.KafkaListenerEndpointContainer#0-0-C-1] c.c.j.service.JobConsumerService         : consumer side: 303
2026-01-21T02:11:00.226+05:30  INFO 4462 --- [job_executor] [job-scheduler-3] c.c.j.service.JobSchedulerService        : execution started for job: 303
2026-01-21T02:11:00.226+05:30  INFO 4462 --- [job_executor] [job-scheduler-3] c.c.j.service.JobSchedulerService        : java --version
2026-01-21T02:11:00.226+05:30  INFO 4462 --- [job_executor] [job-scheduler-3] c.c.j.service.JobSchedulerService        : /
2026-01-21T02:11:00.226+05:30  INFO 4462 --- [job_executor] [org.springframework.kafka.KafkaListenerEndpointContainer#0-0-C-1] c.c.j.service.JobSchedulerService        : Scheduled job 303 with runAt 2026-01-21T02:11
2026-01-21T02:11:00.226+05:30  INFO 4462 --- [job_executor] [job-scheduler-3] c.c.j.service.JobSchedulerService        : test_job2
2026-01-21T02:11:00.246+05:30  INFO 4462 --- [job_executor] [job-scheduler-1] c.c.job_executor.service.JobService      : output: 
2026-01-21T02:11:00.246+05:30  INFO 4462 --- [job_executor] [job-scheduler-1] c.c.job_executor.service.JobService      : error: bash: python: command not found

2026-01-21T02:11:00.246+05:30  INFO 4462 --- [job_executor] [job-scheduler-1] c.c.job_executor.service.JobService      : exitCode: 127
2026-01-21T02:11:00.336+05:30  INFO 4462 --- [job_executor] [job-scheduler-3] c.c.job_executor.service.JobService      : output: openjdk 17.0.9 2023-10-17
OpenJDK Runtime Environment Temurin-17.0.9+9 (build 17.0.9+9)
OpenJDK 64-Bit Server VM Temurin-17.0.9+9 (build 17.0.9+9, mixed mode)

2026-01-21T02:11:00.336+05:30  INFO 4462 --- [job_executor] [job-scheduler-3] c.c.job_executor.service.JobService      : error: 
2026-01-21T02:11:00.337+05:30  INFO 4462 --- [job_executor] [job-scheduler-3] c.c.job_executor.service.JobService      : exitCode: 0
2026-01-21T02:11:00.337+05:30  INFO 4462 --- [job_executor] [job-scheduler-3] c.c.j.service.JobSchedulerService        : updating job details now
2026-01-21T02:11:00.337+05:30  INFO 4462 --- [job_executor] [job-scheduler-3] c.c.j.service.JobProducerService         : producing result update to kafka: 303
2026-01-21T02:11:00.348+05:30  INFO 4462 --- [job_executor] [org.springframework.kafka.KafkaListenerEndpointContainer#1-0-C-1] c.c.j.service.JobConsumerService         : consuming job for update: 303
2026-01-21T02:11:00.349+05:30  INFO 4462 --- [job_executor] [org.springframework.kafka.KafkaListenerEndpointContainer#1-0-C-1] c.c.job_executor.service.JobService      : nextRunningTime: 2026-01-21T02:20
2026-01-21T02:11:02.269+05:30  INFO 4462 --- [job_executor] [job-scheduler-1] c.c.job_executor.service.JobService      : output: 
2026-01-21T02:11:02.270+05:30  INFO 4462 --- [job_executor] [job-scheduler-1] c.c.job_executor.service.JobService      : error: bash: python: command not found

2026-01-21T02:11:02.271+05:30  INFO 4462 --- [job_executor] [job-scheduler-1] c.c.job_executor.service.JobService      : exitCode: 127
2026-01-21T02:11:06.296+05:30  INFO 4462 --- [job_executor] [job-scheduler-1] c.c.job_executor.service.JobService      : output: 
2026-01-21T02:11:06.297+05:30  INFO 4462 --- [job_executor] [job-scheduler-1] c.c.job_executor.service.JobService      : error: bash: python: command not found

2026-01-21T02:11:06.298+05:30  INFO 4462 --- [job_executor] [job-scheduler-1] c.c.job_executor.service.JobService      : exitCode: 127
2026-01-21T02:11:06.314+05:30  INFO 4462 --- [job_executor] [job-scheduler-1] c.c.j.service.JobSchedulerService        : updating job details now
2026-01-21T02:11:06.316+05:30  INFO 4462 --- [job_executor] [job-scheduler-1] c.c.j.service.JobProducerService         : producing result update to kafka: 302
2026-01-21T02:11:06.332+05:30  INFO 4462 --- [job_executor] [org.springframework.kafka.KafkaListenerEndpointContainer#1-0-C-1] c.c.j.service.JobConsumerService         : consuming job for update: 302
2026-01-21T02:11:06.334+05:30  INFO 4462 --- [job_executor] [org.springframework.kafka.KafkaListenerEndpointContainer#1-0-C-1] c.c.job_executor.service.JobService      : nextRunningTime: 2026-01-21T02:12
2026-01-21T02:11:37.030+05:30  INFO 4462 --- [job_executor] [http-nio-8082-exec-1] o.a.c.c.C.[Tomcat].[localhost].[/]       : Initializing Spring DispatcherServlet 'dispatcherServlet'
2026-01-21T02:11:37.031+05:30  INFO 4462 --- [job_executor] [http-nio-8082-exec-1] o.s.web.servlet.DispatcherServlet        : Initializing Servlet 'dispatcherServlet'
2026-01-21T02:11:37.035+05:30  INFO 4462 --- [job_executor] [http-nio-8082-exec-1] o.s.web.servlet.DispatcherServlet        : Completed initialization in 4 ms
2026-01-21T02:11:37.167+05:30  INFO 4462 --- [job_executor] [http-nio-8082-exec-1] c.c.j.service.JobProducerService         : producing jobs to kafka: 305
2026-01-21T02:11:37.192+05:30  INFO 4462 --- [job_executor] [org.springframework.kafka.KafkaListenerEndpointContainer#0-0-C-1] c.c.j.service.JobConsumerService         : consumer side: 305
2026-01-21T02:11:37.192+05:30  INFO 4462 --- [job_executor] [job-scheduler-4] c.c.j.service.JobSchedulerService        : execution started for job: 305
2026-01-21T02:11:37.192+05:30  INFO 4462 --- [job_executor] [job-scheduler-4] c.c.j.service.JobSchedulerService        : ls -a
2026-01-21T02:11:37.193+05:30  INFO 4462 --- [job_executor] [job-scheduler-4] c.c.j.service.JobSchedulerService        : /
2026-01-21T02:11:37.193+05:30  INFO 4462 --- [job_executor] [job-scheduler-4] c.c.j.service.JobSchedulerService        : test_job4
2026-01-21T02:11:37.193+05:30  INFO 4462 --- [job_executor] [org.springframework.kafka.KafkaListenerEndpointContainer#0-0-C-1] c.c.j.service.JobSchedulerService        : Scheduled job 305 with runAt 2026-01-21T02:11
2026-01-21T02:11:37.209+05:30  INFO 4462 --- [job_executor] [job-scheduler-4] c.c.job_executor.service.JobService      : output: .
..
.VolumeIcon.icns
.file
.nofollow
.resolve
.vol
Applications
Library
System
Users
Volumes
bin
cores
dev
etc
home
opt
private
sbin
tmp
usr
var

2026-01-21T02:11:37.209+05:30  INFO 4462 --- [job_executor] [job-scheduler-4] c.c.job_executor.service.JobService      : error: 
2026-01-21T02:11:37.209+05:30  INFO 4462 --- [job_executor] [job-scheduler-4] c.c.job_executor.service.JobService      : exitCode: 0
2026-01-21T02:11:37.209+05:30  INFO 4462 --- [job_executor] [job-scheduler-4] c.c.j.service.JobSchedulerService        : updating job details now
2026-01-21T02:11:37.209+05:30  INFO 4462 --- [job_executor] [job-scheduler-4] c.c.j.service.JobProducerService         : producing result update to kafka: 305
2026-01-21T02:11:37.213+05:30  INFO 4462 --- [job_executor] [org.springframework.kafka.KafkaListenerEndpointContainer#1-0-C-1] c.c.j.service.JobConsumerService         : consuming job for update: 305
2026-01-21T02:11:37.214+05:30  INFO 4462 --- [job_executor] [org.springframework.kafka.KafkaListenerEndpointContainer#1-0-C-1] c.c.job_executor.service.JobService      : nextRunningTime: 2026-01-21T02:11
2026-01-21T02:12:00.005+05:30  INFO 4462 --- [job_executor] [job-scheduler-2] c.c.job_executor.service.JobService      : producing jobs for next 1 min
2026-01-21T02:12:00.008+05:30  INFO 4462 --- [job_executor] [job-scheduler-2] c.c.job_executor.service.JobService      : fetching jobs for next 1 min
2026-01-21T02:12:00.009+05:30  INFO 4462 --- [job_executor] [job-scheduler-2] c.c.job_executor.service.JobService      : 2026-01-21T02:12 - 2026-01-21T02:13
2026-01-21T02:12:00.100+05:30  INFO 4462 --- [job_executor] [job-scheduler-2] c.c.job_executor.service.JobService      : producer side: 302
2026-01-21T02:12:00.100+05:30  INFO 4462 --- [job_executor] [job-scheduler-2] c.c.j.service.JobProducerService         : producing jobs to kafka: 302
2026-01-21T02:12:00.150+05:30  INFO 4462 --- [job_executor] [job-scheduler-2] c.c.job_executor.service.JobService      : producer side: 304
2026-01-21T02:12:00.152+05:30  INFO 4462 --- [job_executor] [job-scheduler-2] c.c.j.service.JobProducerService         : producing jobs to kafka: 304
2026-01-21T02:12:00.180+05:30  INFO 4462 --- [job_executor] [org.springframework.kafka.KafkaListenerEndpointContainer#0-0-C-1] c.c.j.service.JobConsumerService         : consumer side: 302
2026-01-21T02:12:00.181+05:30  INFO 4462 --- [job_executor] [job-scheduler-3] c.c.j.service.JobSchedulerService        : execution started for job: 302
2026-01-21T02:12:00.181+05:30  INFO 4462 --- [job_executor] [org.springframework.kafka.KafkaListenerEndpointContainer#0-0-C-1] c.c.j.service.JobSchedulerService        : Scheduled job 302 with runAt 2026-01-21T02:12
2026-01-21T02:12:00.181+05:30  INFO 4462 --- [job_executor] [job-scheduler-3] c.c.j.service.JobSchedulerService        : python --version
2026-01-21T02:12:00.181+05:30  INFO 4462 --- [job_executor] [job-scheduler-3] c.c.j.service.JobSchedulerService        : /
2026-01-21T02:12:00.181+05:30  INFO 4462 --- [job_executor] [job-scheduler-3] c.c.j.service.JobSchedulerService        : test_job1
2026-01-21T02:12:00.181+05:30  INFO 4462 --- [job_executor] [org.springframework.kafka.KafkaListenerEndpointContainer#0-0-C-1] c.c.j.service.JobConsumerService         : consumer side: 304
2026-01-21T02:12:00.181+05:30  INFO 4462 --- [job_executor] [job-scheduler-6] c.c.j.service.JobSchedulerService        : execution started for job: 304
2026-01-21T02:12:00.181+05:30  INFO 4462 --- [job_executor] [job-scheduler-6] c.c.j.service.JobSchedulerService        : ls -all
2026-01-21T02:12:00.181+05:30  INFO 4462 --- [job_executor] [org.springframework.kafka.KafkaListenerEndpointContainer#0-0-C-1] c.c.j.service.JobSchedulerService        : Scheduled job 304 with runAt 2026-01-21T02:12
2026-01-21T02:12:00.182+05:30  INFO 4462 --- [job_executor] [job-scheduler-6] c.c.j.service.JobSchedulerService        : /
2026-01-21T02:12:00.182+05:30  INFO 4462 --- [job_executor] [job-scheduler-6] c.c.j.service.JobSchedulerService        : test_job3
2026-01-21T02:12:00.191+05:30  INFO 4462 --- [job_executor] [job-scheduler-3] c.c.job_executor.service.JobService      : output: 
2026-01-21T02:12:00.191+05:30  INFO 4462 --- [job_executor] [job-scheduler-3] c.c.job_executor.service.JobService      : error: bash: python: command not found

2026-01-21T02:12:00.191+05:30  INFO 4462 --- [job_executor] [job-scheduler-3] c.c.job_executor.service.JobService      : exitCode: 127
2026-01-21T02:12:00.197+05:30  INFO 4462 --- [job_executor] [job-scheduler-6] c.c.job_executor.service.JobService      : output: total 10
drwxr-xr-x  22 root  wheel   704 Nov 22 19:19 .
drwxr-xr-x  22 root  wheel   704 Nov 22 19:19 ..
lrwxr-xr-x   1 root  admin    36 Nov 22 19:19 .VolumeIcon.icns -> System/Volumes/Data/.VolumeIcon.icns
----------   1 root  admin     0 Nov 22 19:19 .file
drwxr-xr-x   2 root  wheel    64 Nov 22 19:19 .nofollow
drwxr-xr-x   2 root  wheel    64 Nov 22 19:19 .resolve
drwxr-xr-x   2 root  wheel    64 Nov 22 19:19 .vol
drwxrwxr-x  25 root  admin   800 Jan 19 16:08 Applications
drwxr-xr-x  68 root  wheel  2176 Dec 15 14:50 Library
drwxr-xr-x@ 10 root  wheel   320 Nov 22 19:19 System
drwxr-xr-x   5 root  admin   160 Dec 15 14:49 Users
drwxr-xr-x   3 root  wheel    96 Jan 17 21:13 Volumes
drwxr-xr-x@ 39 root  wheel  1248 Nov 22 19:19 bin
drwxr-xr-x   2 root  wheel    64 Feb 29  2024 cores
dr-xr-xr-x   4 root  wheel  4773 Jan 12 02:18 dev
lrwxr-xr-x@  1 root  wheel    11 Nov 22 19:19 etc -> private/etc
lrwxr-xr-x   1 root  wheel    25 Jan 12 02:19 home -> /System/Volumes/Data/home
drwxr-xr-x   4 root  wheel   128 Jul 16  2024 opt
drwxr-xr-x   6 root  wheel   192 Jan 12 02:18 private
drwxr-xr-x@ 76 root  wheel  2432 Nov 22 19:19 sbin
lrwxr-xr-x@  1 root  wheel    11 Nov 22 19:19 tmp -> private/tmp
drwxr-xr-x@ 11 root  wheel   352 Nov 22 19:19 usr
lrwxr-xr-x@  1 root  wheel    11 Nov 22 19:19 var -> private/var

2026-01-21T02:12:00.198+05:30  INFO 4462 --- [job_executor] [job-scheduler-6] c.c.job_executor.service.JobService      : error: 
2026-01-21T02:12:00.198+05:30  INFO 4462 --- [job_executor] [job-scheduler-6] c.c.job_executor.service.JobService      : exitCode: 0
2026-01-21T02:12:00.198+05:30  INFO 4462 --- [job_executor] [job-scheduler-6] c.c.j.service.JobSchedulerService        : updating job details now
2026-01-21T02:12:00.198+05:30  INFO 4462 --- [job_executor] [job-scheduler-6] c.c.j.service.JobProducerService         : producing result update to kafka: 304
2026-01-21T02:12:00.203+05:30  INFO 4462 --- [job_executor] [org.springframework.kafka.KafkaListenerEndpointContainer#1-0-C-1] c.c.j.service.JobConsumerService         : consuming job for update: 304
2026-01-21T02:12:00.204+05:30  INFO 4462 --- [job_executor] [org.springframework.kafka.KafkaListenerEndpointContainer#1-0-C-1] c.c.job_executor.service.JobService      : nextRunningTime: 2026-01-21T02:15
2026-01-21T02:12:02.216+05:30  INFO 4462 --- [job_executor] [job-scheduler-3] c.c.job_executor.service.JobService      : output: 
2026-01-21T02:12:02.218+05:30  INFO 4462 --- [job_executor] [job-scheduler-3] c.c.job_executor.service.JobService      : error: bash: python: command not found

2026-01-21T02:12:02.218+05:30  INFO 4462 --- [job_executor] [job-scheduler-3] c.c.job_executor.service.JobService      : exitCode: 127
2026-01-21T02:12:06.244+05:30  INFO 4462 --- [job_executor] [job-scheduler-3] c.c.job_executor.service.JobService      : output: 
2026-01-21T02:12:06.245+05:30  INFO 4462 --- [job_executor] [job-scheduler-3] c.c.job_executor.service.JobService      : error: bash: python: command not found

2026-01-21T02:12:06.245+05:30  INFO 4462 --- [job_executor] [job-scheduler-3] c.c.job_executor.service.JobService      : exitCode: 127
2026-01-21T02:12:06.247+05:30  INFO 4462 --- [job_executor] [job-scheduler-3] c.c.j.service.JobSchedulerService        : updating job details now
2026-01-21T02:12:06.247+05:30  INFO 4462 --- [job_executor] [job-scheduler-3] c.c.j.service.JobProducerService         : producing result update to kafka: 302
2026-01-21T02:12:06.259+05:30  INFO 4462 --- [job_executor] [org.springframework.kafka.KafkaListenerEndpointContainer#1-0-C-1] c.c.j.service.JobConsumerService         : consuming job for update: 302
2026-01-21T02:12:06.261+05:30  INFO 4462 --- [job_executor] [org.springframework.kafka.KafkaListenerEndpointContainer#1-0-C-1] c.c.job_executor.service.JobService      : nextRunningTime: 2026-01-21T02:13
2026-01-21T02:12:37.133+05:30  INFO 4462 --- [job_executor] [org.springframework.kafka.KafkaListenerEndpointContainer#0-0-C-1] k.c.c.i.ConsumerRebalanceListenerInvoker : [Consumer clientId=consumer-job-executor-1, groupId=job-executor] Revoke previously assigned partitions scheduled-jobs-topic-0, scheduled-jobs-topic-1, scheduled-jobs-topic-2
2026-01-21T02:12:37.133+05:30  INFO 4462 --- [job_executor] [org.springframework.kafka.KafkaListenerEndpointContainer#1-0-C-1] k.c.c.i.ConsumerRebalanceListenerInvoker : [Consumer clientId=consumer-job-executor-2, groupId=job-executor] Revoke previously assigned partitions scheduled-updated-jobs-topic-0
2026-01-21T02:12:37.135+05:30  INFO 4462 --- [job_executor] [org.springframework.kafka.KafkaListenerEndpointContainer#0-0-C-1] o.s.k.l.KafkaMessageListenerContainer    : job-executor: partitions revoked: [scheduled-jobs-topic-0, scheduled-jobs-topic-1, scheduled-jobs-topic-2]
2026-01-21T02:12:37.135+05:30  INFO 4462 --- [job_executor] [org.springframework.kafka.KafkaListenerEndpointContainer#1-0-C-1] o.s.k.l.KafkaMessageListenerContainer    : job-executor: partitions revoked: [scheduled-updated-jobs-topic-0]
2026-01-21T02:12:37.135+05:30  INFO 4462 --- [job_executor] [org.springframework.kafka.KafkaListenerEndpointContainer#1-0-C-1] o.a.k.c.c.internals.ConsumerCoordinator  : [Consumer clientId=consumer-job-executor-2, groupId=job-executor] Member consumer-job-executor-2-6656d4c9-4d5f-4ecf-bb3c-446f4564e7e9 sending LeaveGroup request to coordinator localhost:9092 (id: 2147483646 rack: null) due to the consumer unsubscribed from all topics
2026-01-21T02:12:37.135+05:30  INFO 4462 --- [job_executor] [org.springframework.kafka.KafkaListenerEndpointContainer#0-0-C-1] o.a.k.c.c.internals.ConsumerCoordinator  : [Consumer clientId=consumer-job-executor-1, groupId=job-executor] Member consumer-job-executor-1-9731d373-89e8-4956-b5ba-f325671e4919 sending LeaveGroup request to coordinator localhost:9092 (id: 2147483646 rack: null) due to the consumer unsubscribed from all topics
2026-01-21T02:12:37.136+05:30  INFO 4462 --- [job_executor] [org.springframework.kafka.KafkaListenerEndpointContainer#0-0-C-1] o.a.k.c.c.internals.ConsumerCoordinator  : [Consumer clientId=consumer-job-executor-1, groupId=job-executor] Resetting generation and member id due to: consumer pro-actively leaving the group
2026-01-21T02:12:37.136+05:30  INFO 4462 --- [job_executor] [org.springframework.kafka.KafkaListenerEndpointContainer#0-0-C-1] o.a.k.c.c.internals.ConsumerCoordinator  : [Consumer clientId=consumer-job-executor-1, groupId=job-executor] Request joining group due to: consumer pro-actively leaving the group
2026-01-21T02:12:37.136+05:30  INFO 4462 --- [job_executor] [org.springframework.kafka.KafkaListenerEndpointContainer#1-0-C-1] o.a.k.c.c.internals.ConsumerCoordinator  : [Consumer clientId=consumer-job-executor-2, groupId=job-executor] Resetting generation and member id due to: consumer pro-actively leaving the group
2026-01-21T02:12:37.136+05:30  INFO 4462 --- [job_executor] [org.springframework.kafka.KafkaListenerEndpointContainer#1-0-C-1] o.a.k.c.c.internals.ConsumerCoordinator  : [Consumer clientId=consumer-job-executor-2, groupId=job-executor] Request joining group due to: consumer pro-actively leaving the group
2026-01-21T02:12:37.136+05:30  INFO 4462 --- [job_executor] [org.springframework.kafka.KafkaListenerEndpointContainer#0-0-C-1] o.a.k.c.c.i.ClassicKafkaConsumer         : [Consumer clientId=consumer-job-executor-1, groupId=job-executor] Unsubscribed all topics or patterns and assigned partitions
2026-01-21T02:12:37.136+05:30  INFO 4462 --- [job_executor] [org.springframework.kafka.KafkaListenerEndpointContainer#1-0-C-1] o.a.k.c.c.i.ClassicKafkaConsumer         : [Consumer clientId=consumer-job-executor-2, groupId=job-executor] Unsubscribed all topics or patterns and assigned partitions
2026-01-21T02:12:37.138+05:30  INFO 4462 --- [job_executor] [org.springframework.kafka.KafkaListenerEndpointContainer#0-0-C-1] o.a.k.c.c.internals.ConsumerCoordinator  : [Consumer clientId=consumer-job-executor-1, groupId=job-executor] Resetting generation and member id due to: consumer pro-actively leaving the group
2026-01-21T02:12:37.138+05:30  INFO 4462 --- [job_executor] [org.springframework.kafka.KafkaListenerEndpointContainer#1-0-C-1] o.a.k.c.c.internals.ConsumerCoordinator  : [Consumer clientId=consumer-job-executor-2, groupId=job-executor] Resetting generation and member id due to: consumer pro-actively leaving the group
2026-01-21T02:12:37.139+05:30  INFO 4462 --- [job_executor] [org.springframework.kafka.KafkaListenerEndpointContainer#0-0-C-1] o.a.k.c.c.internals.ConsumerCoordinator  : [Consumer clientId=consumer-job-executor-1, groupId=job-executor] Request joining group due to: consumer pro-actively leaving the group
2026-01-21T02:12:37.139+05:30  INFO 4462 --- [job_executor] [org.springframework.kafka.KafkaListenerEndpointContainer#1-0-C-1] o.a.k.c.c.internals.ConsumerCoordinator  : [Consumer clientId=consumer-job-executor-2, groupId=job-executor] Request joining group due to: consumer pro-actively leaving the group
2026-01-21T02:12:37.285+05:30  INFO 4462 --- [job_executor] [org.springframework.kafka.KafkaListenerEndpointContainer#0-0-C-1] o.apache.kafka.common.metrics.Metrics    : Metrics scheduler closed
2026-01-21T02:12:37.285+05:30  INFO 4462 --- [job_executor] [org.springframework.kafka.KafkaListenerEndpointContainer#0-0-C-1] o.apache.kafka.common.metrics.Metrics    : Closing reporter org.apache.kafka.common.metrics.JmxReporter
2026-01-21T02:12:37.285+05:30  INFO 4462 --- [job_executor] [org.springframework.kafka.KafkaListenerEndpointContainer#0-0-C-1] o.apache.kafka.common.metrics.Metrics    : Closing reporter org.apache.kafka.common.telemetry.internals.ClientTelemetryReporter
2026-01-21T02:12:37.285+05:30  INFO 4462 --- [job_executor] [org.springframework.kafka.KafkaListenerEndpointContainer#0-0-C-1] o.apache.kafka.common.metrics.Metrics    : Metrics reporters closed
2026-01-21T02:12:37.291+05:30  INFO 4462 --- [job_executor] [org.springframework.kafka.KafkaListenerEndpointContainer#0-0-C-1] o.a.kafka.common.utils.AppInfoParser     : App info kafka.consumer for consumer-job-executor-1 unregistered
2026-01-21T02:12:37.291+05:30  INFO 4462 --- [job_executor] [org.springframework.kafka.KafkaListenerEndpointContainer#0-0-C-1] o.s.k.l.KafkaMessageListenerContainer    : job-executor: Consumer stopped
2026-01-21T02:12:37.318+05:30  INFO 4462 --- [job_executor] [org.springframework.kafka.KafkaListenerEndpointContainer#1-0-C-1] o.apache.kafka.common.metrics.Metrics    : Metrics scheduler closed
2026-01-21T02:12:37.318+05:30  INFO 4462 --- [job_executor] [org.springframework.kafka.KafkaListenerEndpointContainer#1-0-C-1] o.apache.kafka.common.metrics.Metrics    : Closing reporter org.apache.kafka.common.metrics.JmxReporter
2026-01-21T02:12:37.318+05:30  INFO 4462 --- [job_executor] [org.springframework.kafka.KafkaListenerEndpointContainer#1-0-C-1] o.apache.kafka.common.metrics.Metrics    : Closing reporter org.apache.kafka.common.telemetry.internals.ClientTelemetryReporter
2026-01-21T02:12:37.318+05:30  INFO 4462 --- [job_executor] [org.springframework.kafka.KafkaListenerEndpointContainer#1-0-C-1] o.apache.kafka.common.metrics.Metrics    : Metrics reporters closed
2026-01-21T02:12:37.320+05:30  INFO 4462 --- [job_executor] [org.springframework.kafka.KafkaListenerEndpointContainer#1-0-C-1] o.a.kafka.common.utils.AppInfoParser     : App info kafka.consumer for consumer-job-executor-2 unregistered
2026-01-21T02:12:37.320+05:30  INFO 4462 --- [job_executor] [org.springframework.kafka.KafkaListenerEndpointContainer#1-0-C-1] o.s.k.l.KafkaMessageListenerContainer    : job-executor: Consumer stopped
2026-01-21T02:12:37.325+05:30  INFO 4462 --- [job_executor] [SpringApplicationShutdownHook] o.s.b.w.e.tomcat.GracefulShutdown        : Commencing graceful shutdown. Waiting for active requests to complete
2026-01-21T02:12:37.333+05:30  INFO 4462 --- [job_executor] [tomcat-shutdown] o.s.b.w.e.tomcat.GracefulShutdown        : Graceful shutdown complete
2026-01-21T02:12:39.404+05:30  INFO 4462 --- [job_executor] [SpringApplicationShutdownHook] o.a.k.clients.producer.KafkaProducer     : [Producer clientId=job_executor-producer-1] Closing the Kafka producer with timeoutMillis = 30000 ms.
2026-01-21T02:12:39.426+05:30  INFO 4462 --- [job_executor] [SpringApplicationShutdownHook] o.apache.kafka.common.metrics.Metrics    : Metrics scheduler closed
2026-01-21T02:12:39.426+05:30  INFO 4462 --- [job_executor] [SpringApplicationShutdownHook] o.apache.kafka.common.metrics.Metrics    : Closing reporter org.apache.kafka.common.metrics.JmxReporter
2026-01-21T02:12:39.426+05:30  INFO 4462 --- [job_executor] [SpringApplicationShutdownHook] o.apache.kafka.common.metrics.Metrics    : Closing reporter org.apache.kafka.common.telemetry.internals.ClientTelemetryReporter
2026-01-21T02:12:39.426+05:30  INFO 4462 --- [job_executor] [SpringApplicationShutdownHook] o.apache.kafka.common.metrics.Metrics    : Metrics reporters closed
2026-01-21T02:12:39.428+05:30  INFO 4462 --- [job_executor] [SpringApplicationShutdownHook] o.a.kafka.common.utils.AppInfoParser     : App info kafka.producer for job_executor-producer-1 unregistered
